<?xml version="1.0" encoding="UTF-8"?>
<!-- Generated by org.testng.reporters.JUnitXMLReporter -->
<testsuite hostname="Sridhar1" ignored="0" name="Test" tests="2" failures="2" timestamp="2019-11-26T22:33:59 EST" time="27.021" errors="0">
  <testcase name="basePageNvigation" time="14.34" classname="Academy.HomePage">
    <failure type="java.lang.AssertionError" message="expected [FEATURED COURSES123] but found [FEATURED COURSES]">
      <![CDATA[java.lang.AssertionError: expected [FEATURED COURSES123] but found [FEATURED COURSES]
at Academy.HomePage.basePageNvigation(HomePage.java:35)
at java.util.ArrayList.forEach(ArrayList.java:1249)
... Removed 36 stack frames]]>
    </failure>
  </testcase> <!-- basePageNvigation -->
  <testcase name="basePageNvigation" time="14.352" classname="Academy.HomePage">
    <failure type="java.lang.NullPointerException">
      <![CDATA[java.lang.NullPointerException
at Resources.Base.getScreenShots(Base.java:51)
at Academy.Listeners.onTestFailure(Listeners.java:28)
at java.util.ArrayList.forEach(ArrayList.java:1249)
... Removed 28 stack frames]]>
    </failure>
  </testcase> <!-- basePageNvigation -->
</testsuite> <!-- Test -->
