<?xml version="1.0" encoding="UTF-8"?>
<testng-results skipped="0" failed="0" ignored="0" total="3" passed="3">
  <reporter-output>
  </reporter-output>
  <suite name="Suite" duration-ms="28473" started-at="2019-11-21T00:09:33 EST" finished-at="2019-11-21T00:10:01 EST">
    <groups>
    </groups>
    <test name="Test" duration-ms="28473" started-at="2019-11-21T00:09:33 EST" finished-at="2019-11-21T00:10:01 EST">
      <class name="Academy.HomePage">
        <test-method status="PASS" signature="Initialize()[pri:0, instance:Academy.HomePage@2b71e916]" name="Initialize" is-config="true" duration-ms="6351" started-at="2019-11-21T00:09:33 EST" finished-at="2019-11-21T00:09:39 EST">
          <reporter-output>
          </reporter-output>
        </test-method> <!-- Initialize -->
        <test-method status="PASS" signature="basePageNvigation(java.lang.String, java.lang.String)[pri:0, instance:Academy.HomePage@2b71e916]" name="basePageNvigation" duration-ms="13334" started-at="2019-11-21T00:09:39 EST" data-provider="getData" finished-at="2019-11-21T00:09:52 EST">
          <params>
            <param index="0">
              <value>
                <![CDATA[Sweeya@gmail.com]]>
              </value>
            </param>
            <param index="1">
              <value>
                <![CDATA[1234]]>
              </value>
            </param>
          </params>
          <reporter-output>
          </reporter-output>
        </test-method> <!-- basePageNvigation -->
        <test-method status="PASS" signature="basePageNvigation(java.lang.String, java.lang.String)[pri:0, instance:Academy.HomePage@2b71e916]" name="basePageNvigation" duration-ms="4203" started-at="2019-11-21T00:09:52 EST" data-provider="getData" finished-at="2019-11-21T00:09:57 EST">
          <params>
            <param index="0">
              <value>
                <![CDATA[Shravyaa@gmail.com]]>
              </value>
            </param>
            <param index="1">
              <value>
                <![CDATA[123456]]>
              </value>
            </param>
          </params>
          <reporter-output>
          </reporter-output>
        </test-method> <!-- basePageNvigation -->
        <test-method status="PASS" signature="basePageNvigation(java.lang.String, java.lang.String)[pri:0, instance:Academy.HomePage@2b71e916]" name="basePageNvigation" duration-ms="4445" started-at="2019-11-21T00:09:57 EST" data-provider="getData" finished-at="2019-11-21T00:10:01 EST">
          <params>
            <param index="0">
              <value>
                <![CDATA[Sridhar@gmail.com]]>
              </value>
            </param>
            <param index="1">
              <value>
                <![CDATA[1234_56]]>
              </value>
            </param>
          </params>
          <reporter-output>
          </reporter-output>
        </test-method> <!-- basePageNvigation -->
        <test-method status="PASS" signature="closeBrowser()[pri:0, instance:Academy.HomePage@2b71e916]" name="closeBrowser" is-config="true" duration-ms="110" started-at="2019-11-21T00:10:01 EST" finished-at="2019-11-21T00:10:01 EST">
          <reporter-output>
          </reporter-output>
        </test-method> <!-- closeBrowser -->
      </class> <!-- Academy.HomePage -->
    </test> <!-- Test -->
  </suite> <!-- Suite -->
</testng-results>
