<?xml version="1.0" encoding="UTF-8"?>
<testsuite xmlns:xsi="http://www.w3.org/2001/XMLSchema-instance" xsi:noNamespaceSchemaLocation="https://maven.apache.org/surefire/maven-surefire-plugin/xsd/surefire-test-report-3.0.xsd" version="3.0" name="TestSuite" time="29.79" tests="3" errors="0" skipped="0" failures="0">
  <properties>
[...]
</properties>
  <testcase name="basePageNvigation" classname="Academy.HomePage" time="13.335"/>
  <testcase name="basePageNvigation" classname="Academy.HomePage" time="4.201"/>
  <testcase name="basePageNvigation" classname="Academy.HomePage" time="4.444"/>
</testsuite>